20141021.1238.10 info  MUD            CoffeeMud v5.8.2
20141021.1238.10 info  MUD            (C) 2000-2014 Bo Zimmerman
20141021.1238.10 info  MUD            http://www.coffeemud.org
20141021.1238.10 info  HOST0          Disabled subsystems: COMMAND_POSE, QUITREASON, RETIREREASON
20141021.1238.11 info  MUD@5555       MUD Server started on port: 5555
java.io.IOException: Can not read schema: attributeSpecial 'NULL,' is unknown
	at com.suscipio_solutions.fakedb.Backend.readSchema(Backend.java:1023)
	at com.suscipio_solutions.fakedb.Backend.open(Backend.java:1062)
	at com.suscipio_solutions.fakedb.Connection.connect(Connection.java:80)
	at com.suscipio_solutions.fakedb.Connection.<init>(Connection.java:42)
	at com.suscipio_solutions.fakedb.Driver.connect(Driver.java:46)
	at java.sql.DriverManager.getConnection(DriverManager.java:571)
	at java.sql.DriverManager.getConnection(DriverManager.java:187)
	at com.suscipio_solutions.consecro_mud.core.database.DBConnection.<init>(DBConnection.java:119)
	at com.suscipio_solutions.consecro_mud.core.database.DBConnections.DBFetchAny(DBConnections.java:344)
	at com.suscipio_solutions.consecro_mud.core.database.DBConnections.DBFetch(DBConnections.java:314)
	at com.suscipio_solutions.consecro_mud.core.database.DBConnector.DBFetch(DBConnector.java:154)
	at com.suscipio_solutions.consecro_mud.application.MUD$HostGroup.initHost(MUD.java:990)
	at com.suscipio_solutions.consecro_mud.application.MUD$HostGroup.run(MUD.java:1365)
20141021.1238.11 error DBConnections  unable to open database
java.sql.SQLException: unable to open database
	at com.suscipio_solutions.fakedb.Connection.connect(Connection.java:81)
	at com.suscipio_solutions.fakedb.Connection.<init>(Connection.java:42)
	at com.suscipio_solutions.fakedb.Driver.connect(Driver.java:46)
	at java.sql.DriverManager.getConnection(DriverManager.java:571)
	at java.sql.DriverManager.getConnection(DriverManager.java:187)
	at com.suscipio_solutions.consecro_mud.core.database.DBConnection.<init>(DBConnection.java:119)
	at com.suscipio_solutions.consecro_mud.core.database.DBConnections.DBFetchAny(DBConnections.java:344)
	at com.suscipio_solutions.consecro_mud.core.database.DBConnections.DBFetch(DBConnections.java:314)
	at com.suscipio_solutions.consecro_mud.core.database.DBConnector.DBFetch(DBConnector.java:154)
	at com.suscipio_solutions.consecro_mud.application.MUD$HostGroup.initHost(MUD.java:990)
	at com.suscipio_solutions.consecro_mud.application.MUD$HostGroup.run(MUD.java:1365)
20141021.1238.11 error HOST0          Fatal database error: <BR>#101 DBCONNECTIONS REPORTING A DISCONNECTED STATE<BR>Connections in use=0/0
20141021.1238.11 error MUD            CoffeeMud failed to start.
